[debug] [2021-06-21T20:50:26.646Z] ----------------------------------------------------------------------
[debug] [2021-06-21T20:50:26.649Z] Command:       C:\Program Files\nodejs\node.exe C:\Users\risha\AppData\Roaming\npm\node_modules\firebase-tools\lib\bin\firebase.js init
[debug] [2021-06-21T20:50:26.649Z] CLI Version:   9.13.1
[debug] [2021-06-21T20:50:26.649Z] Platform:      win32
[debug] [2021-06-21T20:50:26.649Z] Node Version:  v14.17.0
[debug] [2021-06-21T20:50:26.650Z] Time:          Tue Jun 22 2021 02:20:26 GMT+0530 (India Standard Time)
[debug] [2021-06-21T20:50:26.650Z] ----------------------------------------------------------------------
[debug] 
[debug] [2021-06-21T20:50:26.658Z] > command requires scopes: ["email","openid","https://www.googleapis.com/auth/cloudplatformprojects.readonly","https://www.googleapis.com/auth/firebase","https://www.googleapis.com/auth/cloud-platform"]
[debug] [2021-06-21T20:50:26.659Z] > authorizing via signed-in user (rishabhchhillar@gmail.com)
[info] 
     ######## #### ########  ######## ########     ###     ######  ########
     ##        ##  ##     ## ##       ##     ##  ##   ##  ##       ##
     ######    ##  ########  ######   ########  #########  ######  ######
     ##        ##  ##    ##  ##       ##     ## ##     ##       ## ##
     ##       #### ##     ## ######## ########  ##     ##  ######  ########

You're about to initialize a Firebase project in this directory:

  E:\Documents\React.js\Netflix Clone\netflix-clone

[info] 
=== Project Setup
[info] 
[info] First, let's associate this project directory with a Firebase project.
[info] You can create multiple project aliases by running firebase use --add, 
[info] but for now we'll just set up a default project.
[info] 
[debug] [2021-06-21T20:51:26.715Z] >>> [apiv2][query] GET https://firebase.googleapis.com/v1beta1/projects pageSize=100
[debug] [2021-06-21T20:51:27.356Z] <<< [apiv2][status] GET https://firebase.googleapis.com/v1beta1/projects 200
[debug] [2021-06-21T20:51:27.357Z] <<< [apiv2][body] GET https://firebase.googleapis.com/v1beta1/projects [omitted]
[info] i  Using project netflix-clone-fcc2b (Netflix Clone) 
[info] 
=== Hosting Setup
[info] 
[info] Your public directory is the folder (relative to your project directory) that
[info] will contain Hosting assets to be uploaded with firebase deploy. If you
[info] have a build process for your assets, use your build's output directory.
[info] 
[debug] [2021-06-21T20:51:41.049Z] >>> [apiv2][query] GET https://www.gstatic.com/firebasejs/releases.json [none]
[debug] [2021-06-21T20:51:41.148Z] <<< [apiv2][status] GET https://www.gstatic.com/firebasejs/releases.json 200
[debug] [2021-06-21T20:51:41.148Z] <<< [apiv2][body] GET https://www.gstatic.com/firebasejs/releases.json {"current":{"version":"8.6.8","browserURL":"https://www.gstatic.com/firebasejs/8.6.8/firebase.js","packageURL":"https://www.gstatic.com/firebasejs/8.6.8/firebase.tgz"},"live":{"version":"8.6","browserURL":"https://www.gstatic.com/firebasejs/live/8.6/firebase.js","packageURL":"https://www.gstatic.com/firebasejs/live/8.6/firebase.tgz"},"components":{"analytics":"https://www.gstatic.com/firebasejs/8.6.8/firebase-analytics.js","app":"https://www.gstatic.com/firebasejs/8.6.8/firebase-app.js","app-check":"https://www.gstatic.com/firebasejs/8.6.8/firebase-app-check.js","auth":"https://www.gstatic.com/firebasejs/8.6.8/firebase-auth.js","database":"https://www.gstatic.com/firebasejs/8.6.8/firebase-database.js","firestore":"https://www.gstatic.com/firebasejs/8.6.8/firebase-firestore.js","functions":"https://www.gstatic.com/firebasejs/8.6.8/firebase-functions.js","installations":"https://www.gstatic.com/firebasejs/8.6.8/firebase-installations.js","messaging":"https://www.gstatic.com/firebasejs/8.6.8/firebase-messaging.js","storage":"https://www.gstatic.com/firebasejs/8.6.8/firebase-storage.js","performance":"https://www.gstatic.com/firebasejs/8.6.8/firebase-performance.js","remote-config":"https://www.gstatic.com/firebasejs/8.6.8/firebase-remote-config.js","firestore.memory":"https://www.gstatic.com/firebasejs/8.6.8/firebase-firestore.memory.js"}}
[info] i  Skipping write of public/index.html 
[info] 
[info] i  Detected a .git folder at E:\Documents\React.js\Netflix Clone\netflix-clone 
[info] i  Authorizing with GitHub to upload your service account to a GitHub repository's secrets store. 
[info] 
[info] Visit this URL on this device to log in:
[info] https://github.com/login/oauth/authorize?client_id=89cf50f02ac6aaed3484&state=826688673&redirect_uri=http%3A%2F%2Flocalhost%3A9005&scope=read%3Auser%20repo%20public_repo
[info] 
[info] Waiting for authentication...
[debug] [2021-06-21T20:51:54.092Z] >>> HTTP REQUEST POST https://github.com/login/oauth/access_token  
 {"client_id":"89cf50f02ac6aaed3484","client_secret":"3330d14abc895d9a74d5f17cd7a00711fa2c5bf0","code":"99bae3c577ecb14f6894","redirect_uri":"http://localhost:9005","state":"826688673"}
[debug] [2021-06-21T20:51:54.441Z] <<< HTTP RESPONSE 200 {"server":"GitHub.com","date":"Mon, 21 Jun 2021 20:51:54 GMT","content-type":"application/json; charset=utf-8","transfer-encoding":"chunked","vary":"X-PJAX, Accept-Encoding, Accept, X-Requested-With","permissions-policy":"interest-cohort=()","etag":"W/\"14f1d4755dd03e230081348a857b7d97\"","cache-control":"max-age=0, private, must-revalidate","strict-transport-security":"max-age=31536000; includeSubdomains; preload","x-frame-options":"deny","x-content-type-options":"nosniff","x-xss-protection":"0","referrer-policy":"origin-when-cross-origin, strict-origin-when-cross-origin","expect-ct":"max-age=2592000, report-uri=\"https://api.github.com/_private/browser/errors\"","content-security-policy":"default-src 'none'; base-uri 'self'; block-all-mixed-content; connect-src 'self' uploads.github.com www.githubstatus.com collector.githubapp.com api.github.com github-cloud.s3.amazonaws.com github-production-repository-file-5c1aeb.s3.amazonaws.com github-production-upload-manifest-file-7fdce7.s3.amazonaws.com github-production-user-asset-6210df.s3.amazonaws.com cdn.optimizely.com logx.optimizely.com/v1/events translator.github.com wss://alive.github.com; font-src github.githubassets.com; form-action 'self' github.com gist.github.com; frame-ancestors 'none'; frame-src render.githubusercontent.com; img-src 'self' data: github.githubassets.com identicons.github.com collector.githubapp.com github-cloud.s3.amazonaws.com secured-user-images.githubusercontent.com/ *.githubusercontent.com; manifest-src 'self'; media-src 'none'; script-src github.githubassets.com; style-src 'unsafe-inline' github.githubassets.com; worker-src github.com/socket-worker-3f088aa2.js gist.github.com/socket-worker-3f088aa2.js","x-github-request-id":"D872:7F23:1CFE1E:1F1DA2:60D0FBEA"}
[debug] [2021-06-21T20:51:54.443Z] >>> [apiv2][query] GET https://api.github.com/user [none]
[debug] [2021-06-21T20:51:54.846Z] <<< [apiv2][status] GET https://api.github.com/user 200
[debug] [2021-06-21T20:51:54.846Z] <<< [apiv2][body] GET https://api.github.com/user {"login":"rishabhchhillar","id":55760575,"node_id":"MDQ6VXNlcjU1NzYwNTc1","avatar_url":"https://avatars.githubusercontent.com/u/55760575?v=4","gravatar_id":"","url":"https://api.github.com/users/rishabhchhillar","html_url":"https://github.com/rishabhchhillar","followers_url":"https://api.github.com/users/rishabhchhillar/followers","following_url":"https://api.github.com/users/rishabhchhillar/following{/other_user}","gists_url":"https://api.github.com/users/rishabhchhillar/gists{/gist_id}","starred_url":"https://api.github.com/users/rishabhchhillar/starred{/owner}{/repo}","subscriptions_url":"https://api.github.com/users/rishabhchhillar/subscriptions","organizations_url":"https://api.github.com/users/rishabhchhillar/orgs","repos_url":"https://api.github.com/users/rishabhchhillar/repos","events_url":"https://api.github.com/users/rishabhchhillar/events{/privacy}","received_events_url":"https://api.github.com/users/rishabhchhillar/received_events","type":"User","site_admin":false,"name":null,"company":null,"blog":"","location":null,"email":null,"hireable":null,"bio":null,"twitter_username":null,"public_repos":13,"public_gists":0,"followers":1,"following":1,"created_at":"2019-09-24T17:42:35Z","updated_at":"2021-06-21T20:51:53Z","private_gists":0,"total_private_repos":9,"owned_private_repos":9,"disk_usage":635450,"collaborators":2,"two_factor_authentication":false,"plan":{"name":"pro","space":976562499,"collaborators":0,"private_repos":9999}}
[info] 
[info] +  Success! Logged into GitHub as rishabhchhillar 
[info] 
[debug] [2021-06-21T20:52:18.230Z] >>> [apiv2][query] GET https://api.github.com/repos//actions/secrets/public-key type=owner
[debug] [2021-06-21T20:52:18.550Z] <<< [apiv2][status] GET https://api.github.com/repos//actions/secrets/public-key 404
[debug] [2021-06-21T20:52:18.550Z] <<< [apiv2][body] GET https://api.github.com/repos//actions/secrets/public-key {"message":"Not Found","documentation_url":"https://docs.github.com/rest"}
[debug] [2021-06-21T20:52:18.720Z] >>> [apiv2][query] GET https://api.github.com/repos//actions/secrets/public-key type=owner
[debug] [2021-06-21T20:52:19.026Z] <<< [apiv2][status] GET https://api.github.com/repos//actions/secrets/public-key 404
[debug] [2021-06-21T20:52:19.026Z] <<< [apiv2][body] GET https://api.github.com/repos//actions/secrets/public-key {"message":"Not Found","documentation_url":"https://docs.github.com/rest"}
[debug] [2021-06-21T20:52:26.230Z] >>> [apiv2][query] GET https://api.github.com/repos/https://github.com/rishabhchhillar/Netflix-Clone.git/actions/secrets/public-key type=owner
[debug] [2021-06-21T20:52:26.588Z] <<< [apiv2][status] GET https://api.github.com/repos/https://github.com/rishabhchhillar/Netflix-Clone.git/actions/secrets/public-key 404
[debug] [2021-06-21T20:52:26.588Z] <<< [apiv2][body] GET https://api.github.com/repos/https://github.com/rishabhchhillar/Netflix-Clone.git/actions/secrets/public-key {"message":"Not Found","documentation_url":"https://docs.github.com/rest"}
[debug] [2021-06-21T20:52:29.011Z] >>> [apiv2][query] GET https://api.github.com/repos/https://github.com/rishabhchhillar/Netflix-Clone/actions/secrets/public-key type=owner
[debug] [2021-06-21T20:52:29.708Z] <<< [apiv2][status] GET https://api.github.com/repos/https://github.com/rishabhchhillar/Netflix-Clone/actions/secrets/public-key 404
[debug] [2021-06-21T20:52:29.708Z] <<< [apiv2][body] GET https://api.github.com/repos/https://github.com/rishabhchhillar/Netflix-Clone/actions/secrets/public-key {"message":"Not Found","documentation_url":"https://docs.github.com/rest"}
[debug] [2021-06-21T20:52:36.957Z] >>> [apiv2][query] GET https://api.github.com/repos/Netflix-Clone/actions/secrets/public-key type=owner
[debug] [2021-06-21T20:52:37.267Z] <<< [apiv2][status] GET https://api.github.com/repos/Netflix-Clone/actions/secrets/public-key 404
[debug] [2021-06-21T20:52:37.267Z] <<< [apiv2][body] GET https://api.github.com/repos/Netflix-Clone/actions/secrets/public-key {"message":"Not Found","documentation_url":"https://docs.github.com/rest"}
[debug] [2021-06-21T20:52:41.265Z] >>> [apiv2][query] GET https://api.github.com/repos/Netflix Clone/actions/secrets/public-key type=owner
[debug] [2021-06-21T20:52:41.600Z] <<< [apiv2][status] GET https://api.github.com/repos/Netflix Clone/actions/secrets/public-key 404
[debug] [2021-06-21T20:52:41.600Z] <<< [apiv2][body] GET https://api.github.com/repos/Netflix Clone/actions/secrets/public-key {"message":"Not Found","documentation_url":"https://docs.github.com/rest"}
[debug] [2021-06-21T20:52:49.413Z] >>> [apiv2][query] GET https://api.github.com/repos/Netflix Clone/actions/secrets/public-key type=owner
[debug] [2021-06-21T20:52:49.737Z] <<< [apiv2][status] GET https://api.github.com/repos/Netflix Clone/actions/secrets/public-key 404
[debug] [2021-06-21T20:52:49.737Z] <<< [apiv2][body] GET https://api.github.com/repos/Netflix Clone/actions/secrets/public-key {"message":"Not Found","documentation_url":"https://docs.github.com/rest"}
[debug] [2021-06-21T20:52:57.491Z] >>> [apiv2][query] GET https://api.github.com/repos/https://github.com/rishabhchhillar/Netflix-Clone.git/actions/secrets/public-key type=owner
[debug] [2021-06-21T20:52:57.818Z] <<< [apiv2][status] GET https://api.github.com/repos/https://github.com/rishabhchhillar/Netflix-Clone.git/actions/secrets/public-key 404
[debug] [2021-06-21T20:52:57.818Z] <<< [apiv2][body] GET https://api.github.com/repos/https://github.com/rishabhchhillar/Netflix-Clone.git/actions/secrets/public-key {"message":"Not Found","documentation_url":"https://docs.github.com/rest"}
